{"/home/blockchainer/Desktop/To-Do-list/src/modules/functions.js": {"path":"/home/blockchainer/Desktop/To-Do-list/src/modules/functions.js","statementMap":{"0":{"start":{"line":1,"column":29},"end":{"line":1,"column":67}},"1":{"start":{"line":4,"column":24},"end":{"line":14,"column":1}},"2":{"start":{"line":7,"column":2},"end":{"line":11,"column":3}},"3":{"start":{"line":8,"column":4},"end":{"line":8,"column":54}},"4":{"start":{"line":10,"column":4},"end":{"line":10,"column":15}},"5":{"start":{"line":13,"column":2},"end":{"line":13,"column":15}},"6":{"start":{"line":17,"column":25},"end":{"line":19,"column":1}},"7":{"start":{"line":18,"column":2},"end":{"line":18,"column":55}},"8":{"start":{"line":21,"column":22},"end":{"line":59,"column":1}},"9":{"start":{"line":22,"column":2},"end":{"line":22,"column":31}},"10":{"start":{"line":24,"column":2},"end":{"line":58,"column":5}},"11":{"start":{"line":25,"column":21},"end":{"line":25,"column":49}},"12":{"start":{"line":26,"column":4},"end":{"line":26,"column":80}},"13":{"start":{"line":27,"column":4},"end":{"line":27,"column":29}},"14":{"start":{"line":29,"column":21},"end":{"line":29,"column":51}},"15":{"start":{"line":30,"column":4},"end":{"line":30,"column":36}},"16":{"start":{"line":32,"column":25},"end":{"line":32,"column":54}},"17":{"start":{"line":33,"column":4},"end":{"line":33,"column":52}},"18":{"start":{"line":34,"column":4},"end":{"line":34,"column":78}},"19":{"start":{"line":36,"column":21},"end":{"line":36,"column":52}},"20":{"start":{"line":37,"column":4},"end":{"line":37,"column":43}},"21":{"start":{"line":38,"column":4},"end":{"line":38,"column":27}},"22":{"start":{"line":39,"column":4},"end":{"line":39,"column":38}},"23":{"start":{"line":40,"column":4},"end":{"line":40,"column":28}},"24":{"start":{"line":42,"column":4},"end":{"line":42,"column":39}},"25":{"start":{"line":44,"column":22},"end":{"line":44,"column":54}},"26":{"start":{"line":45,"column":4},"end":{"line":45,"column":43}},"27":{"start":{"line":46,"column":4},"end":{"line":46,"column":68}},"28":{"start":{"line":48,"column":20},"end":{"line":48,"column":52}},"29":{"start":{"line":49,"column":4},"end":{"line":49,"column":54}},"30":{"start":{"line":50,"column":4},"end":{"line":50,"column":72}},"31":{"start":{"line":52,"column":4},"end":{"line":52,"column":35}},"32":{"start":{"line":53,"column":4},"end":{"line":53,"column":39}},"33":{"start":{"line":54,"column":4},"end":{"line":54,"column":36}},"34":{"start":{"line":55,"column":4},"end":{"line":55,"column":34}},"35":{"start":{"line":57,"column":4},"end":{"line":57,"column":40}},"36":{"start":{"line":61,"column":23},"end":{"line":65,"column":1}},"37":{"start":{"line":62,"column":2},"end":{"line":62,"column":19}},"38":{"start":{"line":64,"column":2},"end":{"line":64,"column":15}},"39":{"start":{"line":68,"column":26},"end":{"line":75,"column":1}},"40":{"start":{"line":69,"column":2},"end":{"line":69,"column":29}},"41":{"start":{"line":71,"column":2},"end":{"line":73,"column":5}},"42":{"start":{"line":72,"column":4},"end":{"line":72,"column":23}},"43":{"start":{"line":74,"column":2},"end":{"line":74,"column":15}},"44":{"start":{"line":77,"column":24},"end":{"line":80,"column":1}},"45":{"start":{"line":78,"column":2},"end":{"line":78,"column":46}},"46":{"start":{"line":79,"column":2},"end":{"line":79,"column":15}}},"fnMap":{"0":{"name":"(anonymous_0)","decl":{"start":{"line":4,"column":24},"end":{"line":4,"column":25}},"loc":{"start":{"line":4,"column":30},"end":{"line":14,"column":1}},"line":4},"1":{"name":"(anonymous_1)","decl":{"start":{"line":17,"column":25},"end":{"line":17,"column":26}},"loc":{"start":{"line":17,"column":36},"end":{"line":19,"column":1}},"line":17},"2":{"name":"(anonymous_2)","decl":{"start":{"line":21,"column":22},"end":{"line":21,"column":23}},"loc":{"start":{"line":21,"column":33},"end":{"line":59,"column":1}},"line":21},"3":{"name":"(anonymous_3)","decl":{"start":{"line":24,"column":16},"end":{"line":24,"column":17}},"loc":{"start":{"line":24,"column":26},"end":{"line":58,"column":3}},"line":24},"4":{"name":"(anonymous_4)","decl":{"start":{"line":61,"column":23},"end":{"line":61,"column":24}},"loc":{"start":{"line":61,"column":40},"end":{"line":65,"column":1}},"line":61},"5":{"name":"(anonymous_5)","decl":{"start":{"line":68,"column":26},"end":{"line":68,"column":27}},"loc":{"start":{"line":68,"column":48},"end":{"line":75,"column":1}},"line":68},"6":{"name":"(anonymous_6)","decl":{"start":{"line":71,"column":16},"end":{"line":71,"column":17}},"loc":{"start":{"line":71,"column":29},"end":{"line":73,"column":3}},"line":71},"7":{"name":"(anonymous_7)","decl":{"start":{"line":77,"column":24},"end":{"line":77,"column":25}},"loc":{"start":{"line":77,"column":54},"end":{"line":80,"column":1}},"line":77}},"branchMap":{"0":{"loc":{"start":{"line":7,"column":2},"end":{"line":11,"column":3}},"type":"if","locations":[{"start":{"line":7,"column":2},"end":{"line":11,"column":3}},{"start":{"line":9,"column":9},"end":{"line":11,"column":3}}],"line":7}},"s":{"0":2,"1":2,"2":4,"3":4,"4":0,"5":4,"6":2,"7":4,"8":2,"9":0,"10":0,"11":0,"12":0,"13":0,"14":0,"15":0,"16":0,"17":0,"18":0,"19":0,"20":0,"21":0,"22":0,"23":0,"24":0,"25":0,"26":0,"27":0,"28":0,"29":0,"30":0,"31":0,"32":0,"33":0,"34":0,"35":0,"36":2,"37":2,"38":2,"39":2,"40":3,"41":3,"42":11,"43":3,"44":2,"45":2,"46":2},"f":{"0":4,"1":4,"2":0,"3":0,"4":2,"5":3,"6":11,"7":2},"b":{"0":[4,0]},"_coverageSchema":"1a1c01bbd47fc00a2c39e90264f33305004495a9","hash":"745792fc597d98046db02adeb21ed3a464a6f948"}
,"/home/blockchainer/Desktop/To-Do-list/src/modules/taskClass.js": {"path":"/home/blockchainer/Desktop/To-Do-list/src/modules/taskClass.js","statementMap":{"0":{"start":{"line":3,"column":4},"end":{"line":3,"column":35}},"1":{"start":{"line":4,"column":4},"end":{"line":4,"column":26}},"2":{"start":{"line":5,"column":4},"end":{"line":5,"column":32}},"3":{"start":{"line":6,"column":4},"end":{"line":6,"column":22}}},"fnMap":{"0":{"name":"(anonymous_0)","decl":{"start":{"line":2,"column":2},"end":{"line":2,"column":3}},"loc":{"start":{"line":2,"column":32},"end":{"line":7,"column":3}},"line":2}},"branchMap":{},"s":{"0":2,"1":2,"2":2,"3":2},"f":{"0":2},"b":{},"_coverageSchema":"1a1c01bbd47fc00a2c39e90264f33305004495a9","hash":"fe0078b0491c72f8b84fcc5c7ffbcf3f955f7fcc"}
,"/home/blockchainer/Desktop/To-Do-list/src/modules/taskStatus.js": {"path":"/home/blockchainer/Desktop/To-Do-list/src/modules/taskStatus.js","statementMap":{"0":{"start":{"line":3,"column":28},"end":{"line":15,"column":1}},"1":{"start":{"line":6,"column":2},"end":{"line":6,"column":57}},"2":{"start":{"line":8,"column":2},"end":{"line":12,"column":3}},"3":{"start":{"line":9,"column":4},"end":{"line":9,"column":41}},"4":{"start":{"line":11,"column":4},"end":{"line":11,"column":34}},"5":{"start":{"line":14,"column":3},"end":{"line":14,"column":16}},"6":{"start":{"line":17,"column":33},"end":{"line":26,"column":1}},"7":{"start":{"line":18,"column":2},"end":{"line":18,"column":49}},"8":{"start":{"line":18,"column":33},"end":{"line":18,"column":47}},"9":{"start":{"line":20,"column":2},"end":{"line":22,"column":5}},"10":{"start":{"line":21,"column":4},"end":{"line":21,"column":23}},"11":{"start":{"line":24,"column":2},"end":{"line":24,"column":19}},"12":{"start":{"line":25,"column":2},"end":{"line":25,"column":16}}},"fnMap":{"0":{"name":"(anonymous_0)","decl":{"start":{"line":3,"column":28},"end":{"line":3,"column":29}},"loc":{"start":{"line":3,"column":50},"end":{"line":15,"column":1}},"line":3},"1":{"name":"(anonymous_1)","decl":{"start":{"line":17,"column":33},"end":{"line":17,"column":34}},"loc":{"start":{"line":17,"column":44},"end":{"line":26,"column":1}},"line":17},"2":{"name":"(anonymous_2)","decl":{"start":{"line":18,"column":23},"end":{"line":18,"column":24}},"loc":{"start":{"line":18,"column":33},"end":{"line":18,"column":47}},"line":18},"3":{"name":"(anonymous_3)","decl":{"start":{"line":20,"column":16},"end":{"line":20,"column":17}},"loc":{"start":{"line":20,"column":29},"end":{"line":22,"column":3}},"line":20}},"branchMap":{"0":{"loc":{"start":{"line":8,"column":2},"end":{"line":12,"column":3}},"type":"if","locations":[{"start":{"line":8,"column":2},"end":{"line":12,"column":3}},{"start":{"line":10,"column":9},"end":{"line":12,"column":3}}],"line":8}},"s":{"0":1,"1":2,"2":2,"3":2,"4":0,"5":2,"6":1,"7":0,"8":0,"9":0,"10":0,"11":0,"12":0},"f":{"0":2,"1":0,"2":0,"3":0},"b":{"0":[2,0]},"_coverageSchema":"1a1c01bbd47fc00a2c39e90264f33305004495a9","hash":"5e1fea80f70edc5f5fe041888f1af3609ca58c45"}
}
